{
  "stats": {
    "suites": 1,
    "tests": 1,
    "passes": 1,
    "pending": 0,
    "failures": 0,
    "start": "2020-08-10T01:13:49.576Z",
    "end": "2020-08-10T01:14:08.070Z",
    "duration": 18494,
    "testsRegistered": 1,
    "passPercent": 100,
    "pendingPercent": 0,
    "other": 0,
    "hasOther": false,
    "skipped": 0,
    "hasSkipped": false
  },
  "results": [
    {
      "uuid": "db3387c3-8d19-41e6-9a83-9878634edeaa",
      "title": "",
      "fullFile": "cypress/integration/examples/listagem.spec.js",
      "file": "cypress/integration/examples/listagem.spec.js",
      "beforeHooks": [],
      "afterHooks": [],
      "tests": [],
      "suites": [
        {
          "uuid": "74f97509-c1d9-4648-a54e-519893017035",
          "title": "Listagem",
          "fullFile": "",
          "file": "",
          "beforeHooks": [],
          "afterHooks": [],
          "tests": [
            {
              "title": "Listagem com um registro",
              "fullTitle": "Listagem Listagem com um registro",
              "timedOut": null,
              "duration": 18208,
              "state": "passed",
              "speed": "slow",
              "pass": true,
              "fail": false,
              "pending": false,
              "context": null,
              "code": "cy.server();\ncy.route({\n  method: 'GET',\n  url: '**/api/1/databases/userdetails/collections/newtable?**',\n  status: 200,\n  response: 'fx:webtable-get-unico'\n});\ncy.visit('WebTable.html');\ncy.get('div[role=row] div[role=gridcell]').eq(4).find('div').as('gridCellPhone');\ncy.get('@gridCellPhone').should('contains.text', '7073178560');",
              "err": {},
              "uuid": "5547c7d8-228c-4bb7-ab1e-ea158ff50d55",
              "parentUUID": "74f97509-c1d9-4648-a54e-519893017035",
              "isHook": false,
              "skipped": false
            }
          ],
          "suites": [],
          "passes": [
            "5547c7d8-228c-4bb7-ab1e-ea158ff50d55"
          ],
          "failures": [],
          "pending": [],
          "skipped": [],
          "duration": 18208,
          "root": false,
          "rootEmpty": false,
          "_timeout": 2000
        }
      ],
      "passes": [],
      "failures": [],
      "pending": [],
      "skipped": [],
      "duration": 0,
      "root": true,
      "rootEmpty": true,
      "_timeout": 2000
    }
  ],
  "meta": {
    "mocha": {
      "version": "7.0.1"
    },
    "mochawesome": {
      "options": {
        "quiet": true,
        "reportFilename": "mochawesome",
        "saveHtml": false,
        "saveJson": true,
        "consoleReporter": "spec",
        "useInlineDiffs": false,
        "code": true
      },
      "version": "6.1.1"
    },
    "marge": {
      "options": {
        "id": "default",
        "reportDir": "mochawesome-report",
        "quiet": "true",
        "overwrite": "false",
        "html": "false",
        "json": "true"
      },
      "version": "5.1.0"
    }
  }
}